<?xml version="1.0" encoding="UTF-8"?>
<!-- Generated by org.testng.reporters.JUnitXMLReporter -->
<testsuite ignored="0" hostname="SaifAlis-MacBook-Air.local" failures="0" tests="8" name="Default test" time="15.945" errors="0" timestamp="2026-07-10T18:47:16 IST">
  <testcase classname="com.gofood.TestCases.AddMoreDishFromCheckoutPageTest" name="verifySelectCuisine" time="0.387"/>
  <testcase classname="com.gofood.TestCases.AddMoreDishFromCheckoutPageTest" name="verifySelectBaksoSotoRestro" time="0.905"/>
  <testcase classname="com.gofood.TestCases.AddMoreDishFromCheckoutPageTest" name="verifyAddDishFromMenu" time="1.602"/>
  <testcase classname="com.gofood.TestCases.AddMoreDishFromCheckoutPageTest" name="verifyLoginToAccount" time="1.939"/>
  <testcase classname="com.gofood.TestCases.AddMoreDishFromCheckoutPageTest" name="verifyScrollToAddMoreButton" time="1.442"/>
  <testcase classname="com.gofood.TestCases.AddMoreDishFromCheckoutPageTest" name="verifyAddMoreDishes" time="1.33"/>
  <testcase classname="com.gofood.TestCases.AddMoreDishFromCheckoutPageTest" name="verifySelectVoucher" time="1.485"/>
  <testcase classname="com.gofood.TestCases.AddMoreDishFromCheckoutPageTest" name="verifyOrderFood" time="1.159"/>
</testsuite> <!-- Default test -->
