<?xml version="1.0" encoding="UTF-8"?>
<!-- Generated by org.testng.reporters.JUnitXMLReporter -->
<testsuite ignored="0" hostname="SaifAlis-MacBook-Air.local" failures="0" tests="3" name="Default test" time="20.589" errors="0" timestamp="2026-07-07T22:48:09 IST">
  <testcase classname="com.gofood.TestCases.SearchPlaceAndSelectRestroTest" name="searchPlace" time="3.499"/>
  <testcase classname="com.gofood.TestCases.SearchPlaceAndSelectRestroTest" name="selectRestro" time="2.902"/>
  <testcase classname="com.gofood.TestCases.SearchPlaceAndSelectRestroTest" name="loginToAccount" time="3.396"/>
</testsuite> <!-- Default test -->
