<?xml version="1.0" encoding="UTF-8"?>
<!-- Generated by org.testng.reporters.JUnitXMLReporter -->
<testsuite ignored="0" hostname="SaifAlis-MacBook-Air.local" failures="4" tests="9" name="Chrome Suite" time="53.764" errors="0" timestamp="2026-07-01T23:57:39 IST">
  <testcase classname="com.gofood.TestCases.UserLoginTest" name="landingPage" time="0.065"/>
  <testcase classname="com.gofood.TestCases.UserLoginTest" name="loginPage" time="1.762"/>
  <testcase classname="com.gofood.TestCases.UserLoginTest" name="validateUserProfile" time="1.058">
    <failure type="java.lang.AssertionError" message="The following asserts failed:
	Expected to be user profile name as :S2 expected [S2] but found [A]">
      <![CDATA[java.lang.AssertionError: The following asserts failed:
Expected to be user profile name as :S2 expected [S2] but found [A]
at com.gofood.TestCases.UserLoginTest.validateUserProfile(UserLoginTest.java:32)
at java.base/java.util.ArrayList.forEach(ArrayList.java:1596)
... Removed 27 stack frames]]>
    </failure>
  </testcase> <!-- validateUserProfile -->
  <testcase classname="com.gofood.TestCases.SearchPlaceAndSelectRestroTest" name="searchPlace" time="1.405"/>
  <testcase classname="com.gofood.TestCases.SearchPlaceAndSelectRestroTest" name="selectRestro" time="1.3"/>
  <testcase classname="com.gofood.TestCases.SearchPlaceAndSelectRestroTest" name="loginToAccount" time="1.847"/>
  <testcase classname="com.gofood.TestCases.SearchPlaceAndSelectRestroIncreaseProduct" name="searchPlaceAndSelectRestro" time="5.313">
    <failure type="java.lang.RuntimeException" message="searchAndSelectLocation failed for area: jakarta | Reason: TimeoutException| Locator: //ul[@data-headlessui-state=&amp;apos;open&amp;apos;]//div/p[1]">
      <![CDATA[java.lang.RuntimeException: searchAndSelectLocation failed for area: jakarta | Reason: TimeoutException| Locator: //ul[@data-headlessui-state='open']//div/p[1]
at com.gofood.Utility.CommonFlowUtils.searchAndSelectLocation(CommonFlowUtils.java:23)
at com.gofood.TestCases.SearchPlaceAndSelectRestroIncreaseProduct.searchPlaceAndSelectRestro(SearchPlaceAndSelectRestroIncreaseProduct.java:18)
at java.base/java.util.ArrayList.forEach(ArrayList.java:1596)
Caused by: org.openqa.selenium.TimeoutException: Expected condition failed: waiting for element to be clickable, but the element was not found: org.openqa.selenium.NoSuchElementException: no such element: Unable to locate element: {"method":"xpath","selector":"//ul[@data-headlessui-state='open']//div/p[1]"}.
(tried for 5 seconds with 500 milliseconds interval)
Build info: version: '4.44.0', revision: 'da2039b'
System info: os.name: 'Mac OS X', os.arch: 'aarch64', os.version: '26.3', java.version: '21.0.10'
Driver info: org.openqa.selenium.chrome.ChromeDriver
Capabilities {acceptInsecureCerts: false, browserName: chrome, browserVersion: 149.0.7827.197, chrome: {chromedriverVersion: 149.0.7827.155 (07b52360cc1..., userDataDir: /var/folders/jr/lp34w0jd51d...}, fedcm:accounts: true, goog:chromeOptions: {debuggerAddress: localhost:59289}, goog:processID: 7027, networkConnectionEnabled: false, pageLoadStrategy: normal, platformName: mac, proxy: Proxy(), se:cdp: ws://localhost:59289/devtoo..., se:cdpVersion: 149.0.7827.197, setWindowRect: true, strictFileInteractability: false, timeouts: {implicit: 0, pageLoad: 300000, script: 30000}, unhandledPromptBehavior: dismiss and notify, webauthn:extension:credBlob: true, webauthn:extension:largeBlob: true, webauthn:extension:minPinLength: true, webauthn:extension:prf: true, webauthn:virtualAuthenticators: true}
Session ID: 4289f32562811205fdd8579b26fee7fd
at org.openqa.selenium.support.ui.WebDriverWait.timeoutException(WebDriverWait.java:85)
at org.openqa.selenium.support.ui.FluentWait.until(FluentWait.java:234)
at com.gofood.Utility.WaitUtils.waitForClickable(WaitUtils.java:25)
at com.gofood.PageUtility.SearchLocationPage.selectFirstOption(SearchLocationPage.java:33)
at com.gofood.Utility.CommonFlowUtils.searchAndSelectLocation(CommonFlowUtils.java:18)
... 27 more
... Removed 25 stack frames]]>
    </failure>
  </testcase> <!-- searchPlaceAndSelectRestro -->
  <testcase classname="com.gofood.TestCases.SearchPlaceAndSelectRestroIncreaseProduct" name="addDish" time="5.19">
    <failure type="org.openqa.selenium.TimeoutException" message="Expected condition failed: waiting for element to be clickable, but the element was not found: org.openqa.selenium.NoSuchElementException: no such element: Unable to locate element: {&amp;quot;method&amp;quot;:&amp;quot;xpath&amp;quot;,&amp;quot;selector&amp;quot;:&amp;quot;//*[@data-testid=&amp;apos;stepper-add&amp;apos;]&amp;quot;}.
(tried for 5 seconds with 500 milliseconds interval)
Build info: version: &amp;apos;4.44.0&amp;apos;, revision: &amp;apos;da2039b&amp;apos;
System info: os.name: &amp;apos;Mac OS X&amp;apos;, os.arch: &amp;apos;aarch64&amp;apos;, os.version: &amp;apos;26.3&amp;apos;, java.version: &amp;apos;21.0.10&amp;apos;
Driver info: org.openqa.selenium.chrome.ChromeDriver
Capabilities {acceptInsecureCerts: false, browserName: chrome, browserVersion: 149.0.7827.197, chrome: {chromedriverVersion: 149.0.7827.155 (07b52360cc1..., userDataDir: /var/folders/jr/lp34w0jd51d...}, fedcm:accounts: true, goog:chromeOptions: {debuggerAddress: localhost:59289}, goog:processID: 7027, networkConnectionEnabled: false, pageLoadStrategy: normal, platformName: mac, proxy: Proxy(), se:cdp: ws://localhost:59289/devtoo..., se:cdpVersion: 149.0.7827.197, setWindowRect: true, strictFileInteractability: false, timeouts: {implicit: 0, pageLoad: 300000, script: 30000}, unhandledPromptBehavior: dismiss and notify, webauthn:extension:credBlob: true, webauthn:extension:largeBlob: true, webauthn:extension:minPinLength: true, webauthn:extension:prf: true, webauthn:virtualAuthenticators: true}
Session ID: 4289f32562811205fdd8579b26fee7fd">
      <![CDATA[org.openqa.selenium.TimeoutException: Expected condition failed: waiting for element to be clickable, but the element was not found: org.openqa.selenium.NoSuchElementException: no such element: Unable to locate element: {"method":"xpath","selector":"//*[@data-testid='stepper-add']"}.
(tried for 5 seconds with 500 milliseconds interval)
Build info: version: '4.44.0', revision: 'da2039b'
System info: os.name: 'Mac OS X', os.arch: 'aarch64', os.version: '26.3', java.version: '21.0.10'
Driver info: org.openqa.selenium.chrome.ChromeDriver
Capabilities {acceptInsecureCerts: false, browserName: chrome, browserVersion: 149.0.7827.197, chrome: {chromedriverVersion: 149.0.7827.155 (07b52360cc1..., userDataDir: /var/folders/jr/lp34w0jd51d...}, fedcm:accounts: true, goog:chromeOptions: {debuggerAddress: localhost:59289}, goog:processID: 7027, networkConnectionEnabled: false, pageLoadStrategy: normal, platformName: mac, proxy: Proxy(), se:cdp: ws://localhost:59289/devtoo..., se:cdpVersion: 149.0.7827.197, setWindowRect: true, strictFileInteractability: false, timeouts: {implicit: 0, pageLoad: 300000, script: 30000}, unhandledPromptBehavior: dismiss and notify, webauthn:extension:credBlob: true, webauthn:extension:largeBlob: true, webauthn:extension:minPinLength: true, webauthn:extension:prf: true, webauthn:virtualAuthenticators: true}
Session ID: 4289f32562811205fdd8579b26fee7fd
at org.openqa.selenium.support.ui.WebDriverWait.timeoutException(WebDriverWait.java:85)
at org.openqa.selenium.support.ui.FluentWait.until(FluentWait.java:234)
at com.gofood.Utility.WaitUtils.waitForClickable(WaitUtils.java:25)
at com.gofood.PageUtility.SelectDishPage.clickIncreaseCountButton(SelectDishPage.java:53)
at com.gofood.TestCases.SearchPlaceAndSelectRestroIncreaseProduct.addDish(SearchPlaceAndSelectRestroIncreaseProduct.java:26)
at java.base/java.util.ArrayList.forEach(ArrayList.java:1596)
... Removed 25 stack frames]]>
    </failure>
  </testcase> <!-- addDish -->
  <testcase classname="com.gofood.TestCases.SearchPlaceAndSelectRestroIncreaseProduct" name="loginToAccount" time="5.187">
    <failure type="java.lang.RuntimeException" message="loginToAccount flow failed for phoneNumber: 3626483168 | Reason: TimeoutException | Locator: //button[@type=&amp;apos;button&amp;apos; and @data-testid=&amp;apos;login-button&amp;apos;]">
      <![CDATA[java.lang.RuntimeException: loginToAccount flow failed for phoneNumber: 3626483168 | Reason: TimeoutException | Locator: //button[@type='button' and @data-testid='login-button']
at com.gofood.Utility.CommonFlowUtils.loginToAccount(CommonFlowUtils.java:51)
at com.gofood.TestCases.SearchPlaceAndSelectRestroIncreaseProduct.loginToAccount(SearchPlaceAndSelectRestroIncreaseProduct.java:32)
at java.base/java.util.ArrayList.forEach(ArrayList.java:1596)
Caused by: org.openqa.selenium.TimeoutException: Expected condition failed: waiting for element to be clickable, but the element was not found: org.openqa.selenium.NoSuchElementException: no such element: Unable to locate element: {"method":"xpath","selector":"//button[@type='button' and @data-testid='login-button']"}.
(tried for 5 seconds with 500 milliseconds interval)
Build info: version: '4.44.0', revision: 'da2039b'
System info: os.name: 'Mac OS X', os.arch: 'aarch64', os.version: '26.3', java.version: '21.0.10'
Driver info: org.openqa.selenium.chrome.ChromeDriver
Capabilities {acceptInsecureCerts: false, browserName: chrome, browserVersion: 149.0.7827.197, chrome: {chromedriverVersion: 149.0.7827.155 (07b52360cc1..., userDataDir: /var/folders/jr/lp34w0jd51d...}, fedcm:accounts: true, goog:chromeOptions: {debuggerAddress: localhost:59289}, goog:processID: 7027, networkConnectionEnabled: false, pageLoadStrategy: normal, platformName: mac, proxy: Proxy(), se:cdp: ws://localhost:59289/devtoo..., se:cdpVersion: 149.0.7827.197, setWindowRect: true, strictFileInteractability: false, timeouts: {implicit: 0, pageLoad: 300000, script: 30000}, unhandledPromptBehavior: dismiss and notify, webauthn:extension:credBlob: true, webauthn:extension:largeBlob: true, webauthn:extension:minPinLength: true, webauthn:extension:prf: true, webauthn:virtualAuthenticators: true}
Session ID: 4289f32562811205fdd8579b26fee7fd
at org.openqa.selenium.support.ui.WebDriverWait.timeoutException(WebDriverWait.java:85)
at org.openqa.selenium.support.ui.FluentWait.until(FluentWait.java:234)
at com.gofood.Utility.WaitUtils.waitForClickable(WaitUtils.java:25)
at com.gofood.PageUtility.LoginPage.modalLoginButton(LoginPage.java:46)
at com.gofood.Utility.CommonFlowUtils.loginToAccount(CommonFlowUtils.java:45)
... 27 more
... Removed 25 stack frames]]>
    </failure>
  </testcase> <!-- loginToAccount -->
</testsuite> <!-- Chrome Suite -->
