<?xml version="1.0" encoding="UTF-8"?>
<!-- Generated by org.testng.reporters.JUnitXMLReporter -->
<testsuite ignored="0" hostname="SaifAlis-MacBook-Air.local" failures="1" tests="9" name="Safari Suite" time="29.164" errors="0" timestamp="2026-07-01T23:56:06 IST">
  <testcase classname="com.gofood.TestCases.UserLoginTest" name="landingPage" time="0.06"/>
  <testcase classname="com.gofood.TestCases.UserLoginTest" name="loginPage" time="2.275"/>
  <testcase classname="com.gofood.TestCases.UserLoginTest" name="validateUserProfile" time="1.066">
    <failure type="java.lang.AssertionError" message="The following asserts failed:
	Expected to be user profile name as :S2 expected [S2] but found [A]">
      <![CDATA[java.lang.AssertionError: The following asserts failed:
Expected to be user profile name as :S2 expected [S2] but found [A]
at com.gofood.TestCases.UserLoginTest.validateUserProfile(UserLoginTest.java:32)
at java.base/java.util.ArrayList.forEach(ArrayList.java:1596)
... Removed 27 stack frames]]>
    </failure>
  </testcase> <!-- validateUserProfile -->
  <testcase classname="com.gofood.TestCases.SearchPlaceAndSelectRestroTest" name="searchPlace" time="1.374"/>
  <testcase classname="com.gofood.TestCases.SearchPlaceAndSelectRestroTest" name="selectRestro" time="1.3"/>
  <testcase classname="com.gofood.TestCases.SearchPlaceAndSelectRestroTest" name="loginToAccount" time="2.849"/>
  <testcase classname="com.gofood.TestCases.SearchPlaceAndSelectRestroIncreaseProduct" name="searchPlaceAndSelectRestro" time="2.022"/>
  <testcase classname="com.gofood.TestCases.SearchPlaceAndSelectRestroIncreaseProduct" name="addDish" time="1.074"/>
  <testcase classname="com.gofood.TestCases.SearchPlaceAndSelectRestroIncreaseProduct" name="loginToAccount" time="2.355"/>
</testsuite> <!-- Safari Suite -->
