<?xml version="1.0" encoding="UTF-8"?>
<!-- Generated by org.testng.reporters.JUnitXMLReporter -->
<testsuite ignored="0" hostname="SaifAlis-MacBook-Air.local" failures="0" tests="9" name="Test" time="37.185" errors="0" timestamp="2026-07-01T16:13:21 IST">
  <testcase classname="com.gofood.TestCases.UserLoginTest" name="landingPage" time="0.064"/>
  <testcase classname="com.gofood.TestCases.UserLoginTest" name="loginPage" time="1.658"/>
  <testcase classname="com.gofood.TestCases.UserLoginTest" name="validateUserProfile" time="1.119"/>
  <testcase classname="com.gofood.TestCases.SearchPlaceAndSelectRestroTest" name="searchPlace" time="11.494"/>
  <testcase classname="com.gofood.TestCases.SearchPlaceAndSelectRestroTest" name="selectRestro" time="1.809"/>
  <testcase classname="com.gofood.TestCases.SearchPlaceAndSelectRestroTest" name="loginToAccount" time="1.85"/>
  <testcase classname="com.gofood.TestCases.SearchPlaceAndSelectRestroIncreaseProduct" name="searchPlaceAndSelectRestro" time="2.017"/>
  <testcase classname="com.gofood.TestCases.SearchPlaceAndSelectRestroIncreaseProduct" name="addDish" time="1.07"/>
  <testcase classname="com.gofood.TestCases.SearchPlaceAndSelectRestroIncreaseProduct" name="loginToAccount" time="2.364"/>
</testsuite> <!-- Test -->
