<?xml version="1.0" encoding="UTF-8"?>
<!-- Generated by org.testng.reporters.JUnitReportReporter -->
<testsuite hostname="SaifAlis-MacBook-Air.local" failures="0" tests="3" name="com.gofood.TestCases.SearchPlaceAndSelectRestroIncreaseProduct" time="8.105" errors="0" timestamp="2026-07-03T21:58:27 IST" skipped="0">
  <testcase classname="com.gofood.TestCases.SearchPlaceAndSelectRestroIncreaseProduct" name="searchPlaceAndSelectRestro" time="4.113"/>
  <testcase classname="com.gofood.TestCases.SearchPlaceAndSelectRestroIncreaseProduct" name="addDish" time="1.076"/>
  <testcase classname="com.gofood.TestCases.SearchPlaceAndSelectRestroIncreaseProduct" name="loginToAccount" time="2.916"/>
</testsuite> <!-- com.gofood.TestCases.SearchPlaceAndSelectRestroIncreaseProduct -->
