<?xml version="1.0" encoding="UTF-8"?>
<!-- Generated by org.testng.reporters.JUnitReportReporter -->
<testsuite hostname="SaifAlis-MacBook-Air.local" failures="0" tests="2" name="com.gofood.TestCases.UserLoginTest" time="9.888" errors="0" timestamp="2026-07-15T01:11:10 IST" skipped="0">
  <testcase classname="com.gofood.TestCases.UserLoginTest" name="verifyUserLoginAndProfile" time="3.670"/>
  <testcase classname="com.gofood.TestCases.UserLoginTest" name="verifyUserLoginAndProfile" time="6.218"/>
</testsuite> <!-- com.gofood.TestCases.UserLoginTest -->
