<?xml version="1.0" encoding="UTF-8"?>
<!-- Generated by org.testng.reporters.JUnitReportReporter -->
<testsuite hostname="SaifAlis-MacBook-Air.local" failures="0" tests="3" name="com.gofood.TestCases.SearchPlaceAndSelectRestroTest" time="9.799" errors="0" timestamp="2026-07-07T22:48:09 IST" skipped="0">
  <testcase classname="com.gofood.TestCases.SearchPlaceAndSelectRestroTest" name="searchPlace" time="3.501"/>
  <testcase classname="com.gofood.TestCases.SearchPlaceAndSelectRestroTest" name="selectRestro" time="2.902"/>
  <testcase classname="com.gofood.TestCases.SearchPlaceAndSelectRestroTest" name="loginToAccount" time="3.396"/>
</testsuite> <!-- com.gofood.TestCases.SearchPlaceAndSelectRestroTest -->
